2025-08-10 18:46:19 - medical_triage - INFO - logging_config.py:50 - Logging initialized at level: INFO
2025-08-10 18:49:36 - medical_triage - INFO - logging_config.py:50 - Logging initialized at level: INFO
2025-08-10 18:50:13 - medical_triage - INFO - logging_config.py:50 - Logging initialized at level: INFO
2025-08-10 18:50:16 - medical_triage - INFO - logging_config.py:50 - Logging initialized at level: INFO
2025-08-10 18:50:16 - medical_triage - INFO - logging_config.py:50 - Logging initialized at level: INFO
2025-08-10 18:50:16 - medical_triage - ERROR - fastapi_app.py:169 - Failed to load model artifacts: No production model file found
2025-08-10 18:50:16 - medical_triage - ERROR - fastapi_app.py:272 - Failed to load model artifacts on startup
2025-08-10 18:53:03 - medical_triage - INFO - logging_config.py:50 - Logging initialized at level: INFO
2025-08-10 18:53:05 - medical_triage - INFO - logging_config.py:50 - Logging initialized at level: INFO
2025-08-10 18:53:05 - medical_triage - INFO - logging_config.py:50 - Logging initialized at level: INFO
2025-08-10 18:53:05 - medical_triage - ERROR - fastapi_app.py:160 - Failed to load model artifacts: No production model file found
2025-08-10 18:53:05 - medical_triage - ERROR - fastapi_app.py:262 - Failed to load model artifacts on startup
2025-08-10 18:57:04 - medical_triage - INFO - logging_config.py:50 - Logging initialized at level: INFO
2025-08-10 18:57:04 - medical_triage - INFO - logging_config.py:50 - Logging initialized at level: INFO
2025-08-10 18:57:04 - medical_triage - ERROR - fastapi_app.py:218 - Failed to load model artifacts: No production model file found
2025-08-10 18:57:04 - medical_triage - ERROR - fastapi_app.py:320 - Failed to load model artifacts on startup
2025-08-10 18:57:11 - medical_triage - INFO - logging_config.py:50 - Logging initialized at level: INFO
2025-08-10 18:57:11 - medical_triage - INFO - logging_config.py:50 - Logging initialized at level: INFO
2025-08-10 18:57:11 - medical_triage - ERROR - fastapi_app.py:167 - Failed to load model artifacts: Model file not found at artifacts\final_model.pkl
2025-08-10 18:57:11 - medical_triage - ERROR - fastapi_app.py:320 - Failed to load model artifacts on startup
2025-08-10 18:57:23 - medical_triage - INFO - logging_config.py:50 - Logging initialized at level: INFO
2025-08-10 18:57:26 - medical_triage - INFO - logging_config.py:50 - Logging initialized at level: INFO
2025-08-10 18:57:26 - medical_triage - INFO - logging_config.py:50 - Logging initialized at level: INFO
2025-08-10 18:57:26 - medical_triage - ERROR - fastapi_app.py:167 - Failed to load model artifacts: Model file not found at artifacts\final_model.pkl
2025-08-10 18:57:26 - medical_triage - ERROR - fastapi_app.py:320 - Failed to load model artifacts on startup
2025-08-10 19:01:19 - medical_triage - INFO - logging_config.py:50 - Logging initialized at level: INFO
2025-08-10 19:01:19 - medical_triage - INFO - logging_config.py:50 - Logging initialized at level: INFO
2025-08-10 19:01:19 - medical_triage - ERROR - fastapi_app.py:167 - Failed to load model artifacts: Model file not found at artifacts\final_model.pkl
2025-08-10 19:01:19 - medical_triage - ERROR - fastapi_app.py:320 - Failed to load model artifacts on startup
2025-08-10 19:01:43 - medical_triage - INFO - logging_config.py:50 - Logging initialized at level: INFO
2025-08-10 19:01:43 - medical_triage - INFO - logging_config.py:50 - Logging initialized at level: INFO
2025-08-10 19:01:43 - medical_triage - ERROR - fastapi_app.py:157 - Failed to load model artifacts: name 'MODEL_ARTIFACTS_DIR' is not defined
2025-08-10 19:01:43 - medical_triage - ERROR - fastapi_app.py:259 - Failed to load model artifacts on startup
2025-08-10 19:02:15 - medical_triage - INFO - logging_config.py:50 - Logging initialized at level: INFO
2025-08-10 19:02:15 - medical_triage - INFO - logging_config.py:50 - Logging initialized at level: INFO
2025-08-10 19:02:17 - medical_triage - INFO - fastapi_app.py:127 - Loaded model from: models\final_model.pkl
2025-08-10 19:02:17 - medical_triage - INFO - fastapi_app.py:133 - Loaded preprocessor from: models\preprocessor.pkl
2025-08-10 19:02:17 - medical_triage - INFO - fastapi_app.py:139 - Loaded label encoder from: models\label_encoder.pkl
2025-08-10 19:02:17 - medical_triage - INFO - fastapi_app.py:151 - Loaded sample data for tips matching
2025-08-10 19:02:17 - medical_triage - INFO - fastapi_app.py:153 - All model artifacts loaded successfully
2025-08-10 19:02:29 - medical_triage - INFO - logging_config.py:50 - Logging initialized at level: INFO
2025-08-10 19:02:32 - medical_triage - INFO - logging_config.py:50 - Logging initialized at level: INFO
2025-08-10 19:02:32 - medical_triage - INFO - logging_config.py:50 - Logging initialized at level: INFO
2025-08-10 19:02:33 - medical_triage - INFO - fastapi_app.py:127 - Loaded model from: models\final_model.pkl
2025-08-10 19:02:34 - medical_triage - INFO - fastapi_app.py:133 - Loaded preprocessor from: models\preprocessor.pkl
2025-08-10 19:02:34 - medical_triage - INFO - fastapi_app.py:139 - Loaded label encoder from: models\label_encoder.pkl
2025-08-10 19:02:34 - medical_triage - INFO - fastapi_app.py:151 - Loaded sample data for tips matching
2025-08-10 19:02:34 - medical_triage - INFO - fastapi_app.py:153 - All model artifacts loaded successfully
2025-08-10 19:05:21 - medical_triage - INFO - logging_config.py:50 - Logging initialized at level: INFO
2025-08-10 19:05:21 - medical_triage - INFO - logging_config.py:50 - Logging initialized at level: INFO
2025-08-10 19:05:23 - medical_triage - INFO - fastapi_app.py:127 - Loaded model from: models\final_model.pkl
2025-08-10 19:05:23 - medical_triage - INFO - fastapi_app.py:133 - Loaded preprocessor from: models\preprocessor.pkl
2025-08-10 19:05:23 - medical_triage - INFO - fastapi_app.py:139 - Loaded label encoder from: models\label_encoder.pkl
2025-08-10 19:05:23 - medical_triage - INFO - fastapi_app.py:151 - Loaded sample data for tips matching
2025-08-10 19:05:23 - medical_triage - INFO - fastapi_app.py:153 - All model artifacts loaded successfully
2025-08-10 19:05:43 - medical_triage - INFO - logging_config.py:50 - Logging initialized at level: INFO
2025-08-10 19:05:44 - medical_triage - INFO - fastapi_app.py:127 - Loaded model from: models\final_model.pkl
2025-08-10 19:05:45 - medical_triage - INFO - fastapi_app.py:133 - Loaded preprocessor from: models\preprocessor.pkl
2025-08-10 19:05:45 - medical_triage - INFO - fastapi_app.py:139 - Loaded label encoder from: models\label_encoder.pkl
2025-08-10 19:05:45 - medical_triage - INFO - fastapi_app.py:151 - Loaded sample data for tips matching
2025-08-10 19:05:45 - medical_triage - INFO - fastapi_app.py:153 - All model artifacts loaded successfully
2025-08-10 19:11:25 - medical_triage - INFO - fastapi_app.py:305 - Prediction request from 127.0.0.1
2025-08-10 19:11:25 - medical_triage - INFO - fastapi_app.py:359 - Prediction successful: daryeel guri (confidence: 0.721)
2025-08-10 19:17:07 - medical_triage - INFO - logging_config.py:50 - Logging initialized at level: INFO
2025-08-10 19:17:09 - medical_triage - INFO - fastapi_app.py:127 - Loaded model from: models\final_model.pkl
2025-08-10 19:17:09 - medical_triage - INFO - fastapi_app.py:133 - Loaded preprocessor from: models\preprocessor.pkl
2025-08-10 19:17:09 - medical_triage - INFO - fastapi_app.py:139 - Loaded label encoder from: models\label_encoder.pkl
2025-08-10 19:17:09 - medical_triage - INFO - fastapi_app.py:151 - Loaded sample data for tips matching
2025-08-10 19:17:09 - medical_triage - INFO - fastapi_app.py:153 - All model artifacts loaded successfully
2025-08-10 19:17:23 - medical_triage - INFO - logging_config.py:50 - Logging initialized at level: INFO
2025-08-10 19:17:24 - medical_triage - INFO - fastapi_app.py:127 - Loaded model from: models\final_model.pkl
2025-08-10 19:17:25 - medical_triage - INFO - fastapi_app.py:133 - Loaded preprocessor from: models\preprocessor.pkl
2025-08-10 19:17:25 - medical_triage - INFO - fastapi_app.py:139 - Loaded label encoder from: models\label_encoder.pkl
2025-08-10 19:17:25 - medical_triage - INFO - fastapi_app.py:151 - Loaded sample data for tips matching
2025-08-10 19:17:25 - medical_triage - INFO - fastapi_app.py:153 - All model artifacts loaded successfully
2025-08-10 19:19:33 - medical_triage - INFO - logging_config.py:50 - Logging initialized at level: INFO
2025-08-10 19:19:35 - medical_triage - INFO - fastapi_app.py:127 - Loaded model from: models\final_model.pkl
2025-08-10 19:19:35 - medical_triage - INFO - fastapi_app.py:133 - Loaded preprocessor from: models\preprocessor.pkl
2025-08-10 19:19:35 - medical_triage - INFO - fastapi_app.py:139 - Loaded label encoder from: models\label_encoder.pkl
2025-08-10 19:19:35 - medical_triage - INFO - fastapi_app.py:151 - Loaded sample data for tips matching
2025-08-10 19:19:35 - medical_triage - INFO - fastapi_app.py:153 - All model artifacts loaded successfully
2025-08-10 19:24:59 - medical_triage - INFO - logging_config.py:50 - Logging initialized at level: INFO
2025-08-10 19:25:00 - medical_triage - INFO - fastapi_app.py:127 - Loaded model from: models\final_model.pkl
2025-08-10 19:25:01 - medical_triage - INFO - fastapi_app.py:133 - Loaded preprocessor from: models\preprocessor.pkl
2025-08-10 19:25:01 - medical_triage - INFO - fastapi_app.py:139 - Loaded label encoder from: models\label_encoder.pkl
2025-08-10 19:25:01 - medical_triage - INFO - fastapi_app.py:151 - Loaded sample data for tips matching
2025-08-10 19:25:01 - medical_triage - INFO - fastapi_app.py:153 - All model artifacts loaded successfully
2025-08-10 19:31:58 - medical_triage - INFO - logging_config.py:50 - Logging initialized at level: INFO
2025-08-10 19:32:00 - medical_triage - INFO - fastapi_app.py:127 - Loaded model from: models\final_model.pkl
2025-08-10 19:32:00 - medical_triage - INFO - fastapi_app.py:133 - Loaded preprocessor from: models\preprocessor.pkl
2025-08-10 19:32:00 - medical_triage - INFO - fastapi_app.py:139 - Loaded label encoder from: models\label_encoder.pkl
2025-08-10 19:32:00 - medical_triage - INFO - fastapi_app.py:151 - Loaded sample data for tips matching
2025-08-10 19:32:00 - medical_triage - INFO - fastapi_app.py:153 - All model artifacts loaded successfully
2025-08-10 19:36:54 - medical_triage - INFO - fastapi_app.py:305 - Prediction request from 127.0.0.1
2025-08-10 19:36:54 - medical_triage - INFO - fastapi_app.py:359 - Prediction successful: bukaan socod (confidence: 0.588)
2025-08-10 19:55:57 - medical_triage - INFO - logging_config.py:50 - Logging initialized at level: INFO
2025-08-10 19:55:58 - medical_triage - INFO - fastapi_app.py:127 - Loaded model from: models\final_model.pkl
2025-08-10 19:55:59 - medical_triage - INFO - fastapi_app.py:133 - Loaded preprocessor from: models\preprocessor.pkl
2025-08-10 19:55:59 - medical_triage - INFO - fastapi_app.py:139 - Loaded label encoder from: models\label_encoder.pkl
2025-08-10 19:55:59 - medical_triage - INFO - fastapi_app.py:151 - Loaded sample data for tips matching
2025-08-10 19:55:59 - medical_triage - INFO - fastapi_app.py:153 - All model artifacts loaded successfully
2025-08-10 22:57:10 - medical_triage - INFO - fastapi_app.py:305 - Prediction request from 127.0.0.1
2025-08-10 22:57:10 - medical_triage - INFO - fastapi_app.py:359 - Prediction successful: daryeel guri (confidence: 0.857)
2025-08-10 22:59:21 - medical_triage - INFO - fastapi_app.py:305 - Prediction request from 127.0.0.1
2025-08-10 22:59:21 - medical_triage - INFO - fastapi_app.py:359 - Prediction successful: daryeel guri (confidence: 0.857)
2025-08-10 23:00:03 - medical_triage - INFO - fastapi_app.py:305 - Prediction request from 127.0.0.1
2025-08-10 23:00:03 - medical_triage - INFO - fastapi_app.py:359 - Prediction successful: bukaan socod (confidence: 0.434)
2025-08-10 23:01:08 - medical_triage - INFO - fastapi_app.py:305 - Prediction request from 127.0.0.1
2025-08-10 23:01:08 - medical_triage - INFO - fastapi_app.py:359 - Prediction successful: bukaan socod (confidence: 0.434)
2025-08-10 23:01:31 - medical_triage - INFO - fastapi_app.py:305 - Prediction request from 127.0.0.1
2025-08-10 23:01:31 - medical_triage - INFO - fastapi_app.py:359 - Prediction successful: bukaan socod (confidence: 0.480)
2025-08-10 23:03:35 - medical_triage - INFO - logging_config.py:50 - Logging initialized at level: INFO
2025-08-10 23:03:36 - medical_triage - INFO - fastapi_app.py:127 - Loaded model from: models\final_model.pkl
2025-08-10 23:03:36 - medical_triage - INFO - fastapi_app.py:133 - Loaded preprocessor from: models\preprocessor.pkl
2025-08-10 23:03:36 - medical_triage - INFO - fastapi_app.py:139 - Loaded label encoder from: models\label_encoder.pkl
2025-08-10 23:03:36 - medical_triage - INFO - fastapi_app.py:151 - Loaded sample data for tips matching
2025-08-10 23:03:36 - medical_triage - INFO - fastapi_app.py:153 - All model artifacts loaded successfully
2025-08-10 23:04:55 - medical_triage - INFO - logging_config.py:50 - Logging initialized at level: INFO
2025-08-10 23:04:56 - medical_triage - INFO - fastapi_app.py:127 - Loaded model from: models\final_model.pkl
2025-08-10 23:04:56 - medical_triage - INFO - fastapi_app.py:133 - Loaded preprocessor from: models\preprocessor.pkl
2025-08-10 23:04:56 - medical_triage - INFO - fastapi_app.py:139 - Loaded label encoder from: models\label_encoder.pkl
2025-08-10 23:04:56 - medical_triage - INFO - fastapi_app.py:151 - Loaded sample data for tips matching
2025-08-10 23:04:56 - medical_triage - INFO - fastapi_app.py:153 - All model artifacts loaded successfully
2025-08-10 23:05:12 - medical_triage - INFO - logging_config.py:50 - Logging initialized at level: INFO
2025-08-10 23:05:13 - medical_triage - INFO - fastapi_app.py:127 - Loaded model from: models\final_model.pkl
2025-08-10 23:05:13 - medical_triage - INFO - fastapi_app.py:133 - Loaded preprocessor from: models\preprocessor.pkl
2025-08-10 23:05:13 - medical_triage - INFO - fastapi_app.py:139 - Loaded label encoder from: models\label_encoder.pkl
2025-08-10 23:05:13 - medical_triage - INFO - fastapi_app.py:151 - Loaded sample data for tips matching
2025-08-10 23:05:13 - medical_triage - INFO - fastapi_app.py:153 - All model artifacts loaded successfully
2025-08-10 23:05:42 - medical_triage - INFO - logging_config.py:50 - Logging initialized at level: INFO
2025-08-10 23:05:43 - medical_triage - INFO - fastapi_app.py:127 - Loaded model from: models\final_model.pkl
2025-08-10 23:05:43 - medical_triage - INFO - fastapi_app.py:133 - Loaded preprocessor from: models\preprocessor.pkl
2025-08-10 23:05:43 - medical_triage - INFO - fastapi_app.py:139 - Loaded label encoder from: models\label_encoder.pkl
2025-08-10 23:05:43 - medical_triage - INFO - fastapi_app.py:151 - Loaded sample data for tips matching
2025-08-10 23:05:43 - medical_triage - INFO - fastapi_app.py:153 - All model artifacts loaded successfully
2025-08-10 23:07:09 - medical_triage - INFO - fastapi_app.py:305 - Prediction request from 127.0.0.1
2025-08-10 23:07:09 - medical_triage - INFO - fastapi_app.py:359 - Prediction successful: daryeel guri (confidence: 0.927)
2025-08-10 23:07:26 - medical_triage - INFO - fastapi_app.py:305 - Prediction request from 127.0.0.1
2025-08-10 23:07:26 - medical_triage - INFO - fastapi_app.py:359 - Prediction successful: daryeel guri (confidence: 0.927)
2025-08-10 23:07:37 - medical_triage - INFO - fastapi_app.py:305 - Prediction request from 127.0.0.1
2025-08-10 23:07:37 - medical_triage - INFO - fastapi_app.py:359 - Prediction successful: daryeel guri (confidence: 0.927)
2025-08-10 23:14:16 - medical_triage - INFO - fastapi_app.py:305 - Prediction request from 127.0.0.1
2025-08-10 23:14:16 - medical_triage - INFO - fastapi_app.py:359 - Prediction successful: daryeel guri (confidence: 0.927)
2025-08-10 23:26:54 - medical_triage - INFO - fastapi_app.py:305 - Prediction request from 127.0.0.1
2025-08-10 23:26:54 - medical_triage - INFO - fastapi_app.py:359 - Prediction successful: daryeel guri (confidence: 0.927)
2025-08-10 23:27:29 - medical_triage - INFO - fastapi_app.py:305 - Prediction request from 127.0.0.1
2025-08-10 23:27:29 - medical_triage - INFO - fastapi_app.py:359 - Prediction successful: daryeel guri (confidence: 0.927)
2025-08-10 23:29:02 - medical_triage - INFO - fastapi_app.py:305 - Prediction request from 127.0.0.1
2025-08-10 23:29:02 - medical_triage - INFO - fastapi_app.py:359 - Prediction successful: bukaan socod (confidence: 0.454)
2025-08-10 23:33:29 - medical_triage - INFO - logging_config.py:50 - Logging initialized at level: INFO
2025-08-10 23:33:31 - medical_triage - INFO - fastapi_app.py:127 - Loaded model from: models\final_model.pkl
2025-08-10 23:33:31 - medical_triage - INFO - fastapi_app.py:133 - Loaded preprocessor from: models\preprocessor.pkl
2025-08-10 23:33:31 - medical_triage - INFO - fastapi_app.py:139 - Loaded label encoder from: models\label_encoder.pkl
2025-08-10 23:33:31 - medical_triage - INFO - fastapi_app.py:151 - Loaded sample data for tips matching
2025-08-10 23:33:31 - medical_triage - INFO - fastapi_app.py:153 - All model artifacts loaded successfully
2025-08-10 23:33:46 - medical_triage - INFO - logging_config.py:50 - Logging initialized at level: INFO
2025-08-10 23:33:47 - medical_triage - INFO - fastapi_app.py:127 - Loaded model from: models\final_model.pkl
2025-08-10 23:33:48 - medical_triage - INFO - fastapi_app.py:133 - Loaded preprocessor from: models\preprocessor.pkl
2025-08-10 23:33:48 - medical_triage - INFO - fastapi_app.py:139 - Loaded label encoder from: models\label_encoder.pkl
2025-08-10 23:33:48 - medical_triage - INFO - fastapi_app.py:151 - Loaded sample data for tips matching
2025-08-10 23:33:48 - medical_triage - INFO - fastapi_app.py:153 - All model artifacts loaded successfully
